  Texture.cpp
c:\users\oem\documents\visual studio 2015\projects\game_shooting\game_shooting\texture.cpp(73): warning C4244: '=': conversion from 'float' to 'int', possible loss of data
c:\users\oem\documents\visual studio 2015\projects\game_shooting\game_shooting\texture.cpp(74): warning C4244: '=': conversion from 'float' to 'int', possible loss of data
  MouseHandler.cpp
c:\users\oem\documents\visual studio 2015\projects\game_shooting\game_shooting\mousehandler.cpp(18): error C2039: 'positi': is not a member of 'Texture'
  c:\users\oem\documents\visual studio 2015\projects\game_shooting\game_shooting\texture.h(10): note: see declaration of 'Texture'
  MenuState.cpp
  Generating Code...
  Compiling...
  PlayState.cpp
c:\users\oem\documents\visual studio 2015\projects\game_shooting\game_shooting\playstate.cpp(15): warning C4305: 'argument': truncation from 'double' to 'float'
c:\users\oem\documents\visual studio 2015\projects\game_shooting\game_shooting\playstate.cpp(18): warning C4305: 'argument': truncation from 'double' to 'float'
c:\users\oem\documents\visual studio 2015\projects\game_shooting\game_shooting\playstate.cpp(21): warning C4305: 'argument': truncation from 'double' to 'float'
c:\users\oem\documents\visual studio 2015\projects\game_shooting\game_shooting\playstate.cpp(46): warning C4244: '=': conversion from 'double' to 'float', possible loss of data
c:\users\oem\documents\visual studio 2015\projects\game_shooting\game_shooting\playstate.cpp(98): warning C4244: 'argument': conversion from 'int' to 'float', possible loss of data
c:\users\oem\documents\visual studio 2015\projects\game_shooting\game_shooting\playstate.cpp(164): warning C4305: 'argument': truncation from 'double' to 'float'
  EndState.cpp
  Generating Code...
  Skipping... (no relevant changes detected)
  Main.cpp
  KeyboardHandler.cpp
  InputHandler.cpp
  Hero.cpp
